<?xml version="1.0" encoding="UTF-8"?>
<testsuite name="models.CartTest" tests="3" skipped="0" failures="0" errors="0" timestamp="2015-05-12T11:35:46" hostname="INabhishej.local" time="0.003">
  <properties/>
  <testcase name="testIfQuantityIsOneOnAddingNewProduct" classname="models.CartTest" time="0.002"/>
  <testcase name="testIfQuantityIncreaseOnAddingSameProduct" classname="models.CartTest" time="0.0"/>
  <testcase name="testIfCartDisplaysProductList" classname="models.CartTest" time="0.0"/>
  <system-out><![CDATA[]]></system-out>
  <system-err><![CDATA[]]></system-err>
</testsuite>
