<?xml version="1.0" encoding="UTF-8"?>
<testsuite name="hello.factories.EmailNotificationStrategyFactoryTest" tests="1" skipped="0" failures="0" errors="0" timestamp="2015-05-14T11:42:28" hostname="INkmanish.local" time="0.002">
  <properties/>
  <testcase name="testIfActiveEmailNotificationStrategyIsReturned" classname="hello.factories.EmailNotificationStrategyFactoryTest" time="0.002"/>
  <system-out><![CDATA[]]></system-out>
  <system-err><![CDATA[]]></system-err>
</testsuite>
