<?xml version="1.0" encoding="UTF-8"?>
<testsuite name="hello.models.CartTest" tests="3" skipped="0" failures="0" errors="0" timestamp="2015-05-14T11:42:28" hostname="INkmanish.local" time="0.004">
  <properties/>
  <testcase name="testIfQuantityIsOneOnAddingNewProduct" classname="hello.models.CartTest" time="0.002"/>
  <testcase name="testIfQuantityIncreaseOnAddingSameProduct" classname="hello.models.CartTest" time="0.0"/>
  <testcase name="testIfCartDisplaysProductList" classname="hello.models.CartTest" time="0.001"/>
  <system-out><![CDATA[]]></system-out>
  <system-err><![CDATA[]]></system-err>
</testsuite>
