<?xml version="1.0" encoding="UTF-8"?>
<testsuite name="hello.models.CustomerTest" tests="4" skipped="1" failures="0" errors="0" timestamp="2015-05-14T11:42:28" hostname="INkmanish.local" time="0.008">
  <properties/>
  <testcase name="testCustomerCanCheckoutNonEmptyCart" classname="hello.models.CustomerTest" time="0.005"/>
  <testcase name="testOnCheckoutNotificationEmailIsSent" classname="hello.models.CustomerTest" time="0.0"/>
  <testcase name="testCreateCustomerWithValidData" classname="hello.models.CustomerTest" time="0.0">
    <skipped/>
  </testcase>
  <testcase name="testCustomerCannotCheckoutEmptyCart" classname="hello.models.CustomerTest" time="0.0"/>
  <system-out><![CDATA[]]></system-out>
  <system-err><![CDATA[]]></system-err>
</testsuite>
