<?xml version="1.0" encoding="UTF-8"?>
<testsuite name="service.CartServiceTest" tests="2" skipped="0" failures="0" errors="0" timestamp="2015-05-12T11:35:46" hostname="INabhishej.local" time="0.001">
  <properties/>
  <testcase name="testAddToCartReturnsUpdatedCartIfPresent" classname="service.CartServiceTest" time="0.001"/>
  <testcase name="testAddToCartCreatesCartIfNotPresent" classname="service.CartServiceTest" time="0.0"/>
  <system-out><![CDATA[]]></system-out>
  <system-err><![CDATA[]]></system-err>
</testsuite>
